[debug] [2017-06-23T20:12:30.481Z] ----------------------------------------------------------------------
[debug] [2017-06-23T20:12:30.490Z] Command:      C:\Program Files\nodejs\node.exe C:\Users\Meera Mehta\AppData\Roaming\npm\node_modules\firebase-tools\bin\firebase serve
[debug] [2017-06-23T20:12:30.491Z] CLI Version:  3.9.1
[debug] [2017-06-23T20:12:30.491Z] Platform:     win32
[debug] [2017-06-23T20:12:30.491Z] Node Version: v6.3.1
[debug] [2017-06-23T20:12:30.493Z] Time:         Fri Jun 23 2017 13:12:30 GMT-0700 (Pacific Daylight Time)
[debug] [2017-06-23T20:12:30.493Z] ----------------------------------------------------------------------
[debug] 
[debug] [2017-06-23T20:12:30.547Z] > command requires scopes: ["email","openid","https://www.googleapis.com/auth/cloudplatformprojects.readonly","https://www.googleapis.com/auth/firebase","https://www.googleapis.com/auth/cloud-platform"]
[debug] [2017-06-23T20:12:30.549Z] > authorizing via signed-in user
[debug] [2017-06-23T20:12:30.556Z] > refreshing access token with scopes: ["email","https://www.googleapis.com/auth/cloud-platform","https://www.googleapis.com/auth/cloudplatformprojects.readonly","https://www.googleapis.com/auth/firebase","openid"]
[debug] [2017-06-23T20:12:30.557Z] >>> HTTP REQUEST POST https://www.googleapis.com/oauth2/v3/token { refresh_token: '1/GZLbcJTrPgc8Xc9YrENhpMA0jRW8PW6uM9eE47JT2qI',
  client_id: '563584335869-fgrhgmd47bqnekij5i8b5pr03ho849e6.apps.googleusercontent.com',
  client_secret: 'j9iVZfS8kkCEFUPaAeJV0sAi',
  grant_type: 'refresh_token',
  scope: 'email https://www.googleapis.com/auth/cloud-platform https://www.googleapis.com/auth/cloudplatformprojects.readonly https://www.googleapis.com/auth/firebase openid' } 
 Fri Jun 23 2017 13:12:30 GMT-0700 (Pacific Daylight Time)
[debug] [2017-06-23T20:12:31.442Z] <<< HTTP RESPONSE 200
[debug] [2017-06-23T20:12:31.496Z] >>> HTTP REQUEST GET https://admin.firebase.com/v1/projects/tree-registry  
 Fri Jun 23 2017 13:12:31 GMT-0700 (Pacific Daylight Time)
[debug] [2017-06-23T20:12:32.629Z] <<< HTTP RESPONSE 200
[debug] [2017-06-23T20:12:32.632Z] >>> HTTP REQUEST GET https://admin.firebase.com/v1/database/tree-registry/tokens  
 Fri Jun 23 2017 13:12:32 GMT-0700 (Pacific Daylight Time)
[debug] [2017-06-23T20:12:33.883Z] <<< HTTP RESPONSE 200
[info] 
[info] === Serving from 'C:\Users\Meera Mehta\Documents\GitHub\Tree-Project-Folder'...
[info] 
[debug] [2017-06-23T20:12:33.895Z] >>> HTTP REQUEST GET https://cloudresourcemanager.googleapis.com/v1/projects/tree-registry  
 Fri Jun 23 2017 13:12:33 GMT-0700 (Pacific Daylight Time)
[debug] [2017-06-23T20:12:35.184Z] <<< HTTP RESPONSE 200
[debug] [2017-06-23T20:12:35.186Z] >>> HTTP REQUEST GET https://mobilesdk-pa.googleapis.com/v1/projects/856800025111/clients/_:getWebAppConfig  
 Fri Jun 23 2017 13:12:35 GMT-0700 (Pacific Daylight Time)
[debug] [2017-06-23T20:12:37.048Z] <<< HTTP RESPONSE 200
[info] i  hosting: Serving hosting files from: public
[info] +  hosting: Local server: http://localhost:5000

